
> workspace@0.0.1 lint /app
> turbo lint

• turbo 2.9.7

   • Packages in scope: @repo/api-client, @repo/database, @repo/eslint-config, @repo/prettier-config, @repo/shared, @repo/types, @repo/typescript-config, @repo/ui, admin, api, desktop, docs, mobile, site, web
   • Running lint in 15 packages
   • Remote caching disabled

@repo/api-client:lint: cache miss, executing a6bbd53a77e233f3
api:lint: cache miss, executing 810726bbdc38aeca
@repo/api-client:lint:
@repo/api-client:lint: > @repo/api-client@0.0.0 lint /app/packages/api-client
@repo/api-client:lint: > eslint src/
@repo/api-client:lint:
api:lint:
api:lint: > api@0.0.1 lint /app/apps/api
api:lint: > eslint "src/**/*.ts" --fix
api:lint:
@repo/api-client:lint:
@repo/api-client:lint: /app/packages/api-client/src/client.ts
@repo/api-client:lint:    8:25  warning  Unexpected any. Specify a different type  @typescript-eslint/no-explicit-any
@repo/api-client:lint:    9:33  warning  Unexpected any. Specify a different type  @typescript-eslint/no-explicit-any
@repo/api-client:lint:   13:32  warning  Unexpected any. Specify a different type  @typescript-eslint/no-explicit-any
@repo/api-client:lint:
@repo/api-client:lint: /app/packages/api-client/src/hooks/use-admin.ts
@repo/api-client:lint:   56:66  warning  Unexpected any. Specify a different type  @typescript-eslint/no-explicit-any
@repo/api-client:lint:   70:82  warning  Unexpected any. Specify a different type  @typescript-eslint/no-explicit-any
@repo/api-client:lint:
@repo/api-client:lint: /app/packages/api-client/src/hooks/use-channels.ts
@repo/api-client:lint:   43:36  warning  Unexpected any. Specify a different type                              @typescript-eslint/no-explicit-any
@repo/api-client:lint:   88:16  warning  'id' is defined but never used. Allowed unused args must match /^_/u  @typescript-eslint/no-unused-vars
@repo/api-client:lint:
@repo/api-client:lint: /app/packages/api-client/src/hooks/use-invitations.ts
@repo/api-client:lint:   12:11  warning  'AcceptInvitationData' is defined but never used  @typescript-eslint/no-unused-vars
@repo/api-client:lint:
@repo/api-client:lint: /app/packages/api-client/src/hooks/use-messages.ts
@repo/api-client:lint:    24:49  warning  Unexpected any. Specify a different type                          @typescript-eslint/no-explicit-any
@repo/api-client:lint:    28:11  warning  The value assigned to 'url' is not used in subsequent statements  no-useless-assignment
@repo/api-client:lint:    64:11  warning  The value assigned to 'url' is not used in subsequent statements  no-useless-assignment
@repo/api-client:lint:   142:43  warning  Unexpected any. Specify a different type                          @typescript-eslint/no-explicit-any
@repo/api-client:lint:   143:64  warning  Unexpected any. Specify a different type                          @typescript-eslint/no-explicit-any
@repo/api-client:lint:   143:95  warning  Unexpected any. Specify a different type                          @typescript-eslint/no-explicit-any
@repo/api-client:lint:   181:23  warning  Unexpected any. Specify a different type                          @typescript-eslint/no-explicit-any
@repo/api-client:lint:   188:58  warning  Unexpected any. Specify a different type                          @typescript-eslint/no-explicit-any
@repo/api-client:lint:   192:43  warning  Unexpected any. Specify a different type                          @typescript-eslint/no-explicit-any
@repo/api-client:lint:   194:45  warning  Unexpected any. Specify a different type                          @typescript-eslint/no-explicit-any
@repo/api-client:lint:   267:21  warning  Unexpected any. Specify a different type                          @typescript-eslint/no-explicit-any
@repo/api-client:lint:
@repo/api-client:lint: /app/packages/api-client/src/hooks/use-notifications.ts
@repo/api-client:lint:    7:33  warning  Unexpected any. Specify a different type  @typescript-eslint/no-explicit-any
@repo/api-client:lint:   24:78  warning  Unexpected any. Specify a different type  @typescript-eslint/no-explicit-any
@repo/api-client:lint:
@repo/api-client:lint: /app/packages/api-client/src/hooks/use-reactions.ts
@repo/api-client:lint:   30:67  warning  Unexpected any. Specify a different type  @typescript-eslint/no-explicit-any
@repo/api-client:lint:   34:39  warning  Unexpected any. Specify a different type  @typescript-eslint/no-explicit-any
@repo/api-client:lint:   36:47  warning  Unexpected any. Specify a different type  @typescript-eslint/no-explicit-any
@repo/api-client:lint:   38:66  warning  Unexpected any. Specify a different type  @typescript-eslint/no-explicit-any
@repo/api-client:lint:   42:54  warning  Unexpected any. Specify a different type  @typescript-eslint/no-explicit-any
@repo/api-client:lint:
@repo/api-client:lint: /app/packages/api-client/src/hooks/use-storage.ts
@repo/api-client:lint:   8:7  warning  Use "@ts-expect-error" instead of "@ts-ignore", as "@ts-ignore" will do nothing if the following line is error-free  @typescript-eslint/ban-ts-comment
@repo/api-client:lint:
@repo/api-client:lint: /app/packages/api-client/src/hooks/use-workspaces.ts
@repo/api-client:lint:   248:30  warning  Unexpected any. Specify a different type  @typescript-eslint/no-explicit-any
@repo/api-client:lint:   268:39  warning  Unexpected any. Specify a different type  @typescript-eslint/no-explicit-any
@repo/api-client:lint:
@repo/api-client:lint: ✖ 29 problems (0 errors, 29 warnings)
@repo/api-client:lint:
mobile:lint: cache miss, executing 33e0b37c8fc1aec8
admin:lint: cache miss, executing 1c39d1e8826850d6
web:lint: cache miss, executing 760b480068e2af77
site:lint: cache miss, executing f90f856913dd27c9
docs:lint: cache miss, executing aa37b18df526a4ca
desktop:lint: cache miss, executing 61531dfdca6cd217
docs:lint:
docs:lint: > docs@0.1.0 lint /app/apps/docs
docs:lint: > eslint src --ext ts,tsx --report-unused-disable-directives
docs:lint:
web:lint:
web:lint: > web@0.1.0 lint /app/apps/web
web:lint: > eslint "src/**/*.{ts,tsx}" --fix
web:lint:
mobile:lint:
mobile:lint: > mobile@0.1.0 lint /app/apps/mobile
mobile:lint: > eslint "src/**/*.{ts,tsx}" --fix
mobile:lint:
admin:lint:
admin:lint: > admin@0.1.0 lint /app/apps/admin
admin:lint: > eslint . --ext ts,tsx --report-unused-disable-directives
admin:lint:
desktop:lint:
desktop:lint: > desktop@0.1.0 lint /app/apps/desktop
desktop:lint: > eslint . --ext ts,tsx --report-unused-disable-directives
desktop:lint:
site:lint:
site:lint: > site@0.1.0 lint /app/apps/site
site:lint: > eslint src --ext ts,tsx --report-unused-disable-directives
site:lint:
mobile:lint:
mobile:lint: /app/apps/mobile/src/app/(tabs)/channels.tsx
mobile:lint:   12:48  warning  Unexpected any. Specify a different type  @typescript-eslint/no-explicit-any
mobile:lint:   57:18  warning  Unexpected any. Specify a different type  @typescript-eslint/no-explicit-any
mobile:lint:
mobile:lint: /app/apps/mobile/src/app/(tabs)/dms.tsx
mobile:lint:    8:44  warning  Unexpected any. Specify a different type  @typescript-eslint/no-explicit-any
mobile:lint:   27:57  warning  Unexpected any. Specify a different type  @typescript-eslint/no-explicit-any
mobile:lint:
mobile:lint: /app/apps/mobile/src/app/(tabs)/profile.tsx
mobile:lint:   7:44  warning  Unexpected any. Specify a different type  @typescript-eslint/no-explicit-any
mobile:lint:
mobile:lint: /app/apps/mobile/src/app/(tabs)/workspaces.tsx
mobile:lint:   24:53  warning  Unexpected any. Specify a different type  @typescript-eslint/no-explicit-any
mobile:lint:   56:57  warning  Unexpected any. Specify a different type  @typescript-eslint/no-explicit-any
mobile:lint:
mobile:lint: /app/apps/mobile/src/app/auth/qr-scanner.tsx
mobile:lint:    1:27  warning  'useEffect' is defined but never used     @typescript-eslint/no-unused-vars
mobile:lint:   54:21  warning  Unexpected any. Specify a different type  @typescript-eslint/no-explicit-any
mobile:lint:
mobile:lint: /app/apps/mobile/src/app/chat/[id]/index.tsx
mobile:lint:     1:27   warning  'useRef' is defined but never used               @typescript-eslint/no-unused-vars
mobile:lint:    22:3    warning  'useWorkspaceMembers' is defined but never used  @typescript-eslint/no-unused-vars
mobile:lint:    45:44   warning  Unexpected any. Specify a different type         @typescript-eslint/no-explicit-any
mobile:lint:    49:50   warning  Unexpected any. Specify a different type         @typescript-eslint/no-explicit-any
mobile:lint:    61:48   warning  Unexpected any. Specify a different type         @typescript-eslint/no-explicit-any
mobile:lint:    93:55   warning  Unexpected any. Specify a different type         @typescript-eslint/no-explicit-any
mobile:lint:   184:53   warning  Unexpected any. Specify a different type         @typescript-eslint/no-explicit-any
mobile:lint:   193:13   warning  Unexpected any. Specify a different type         @typescript-eslint/no-explicit-any
mobile:lint:   193:60   warning  Unexpected any. Specify a different type         @typescript-eslint/no-explicit-any
mobile:lint:   239:47   warning  Unexpected any. Specify a different type         @typescript-eslint/no-explicit-any
mobile:lint:   268:42   warning  Unexpected any. Specify a different type         @typescript-eslint/no-explicit-any
mobile:lint:   272:109  warning  Unexpected any. Specify a different type         @typescript-eslint/no-explicit-any
mobile:lint:   287:36   warning  Unexpected any. Specify a different type         @typescript-eslint/no-explicit-any
mobile:lint:   288:72   warning  Unexpected any. Specify a different type         @typescript-eslint/no-explicit-any
mobile:lint:   291:56   warning  Unexpected any. Specify a different type         @typescript-eslint/no-explicit-any
mobile:lint:   291:99   warning  Unexpected any. Specify a different type         @typescript-eslint/no-explicit-any
mobile:lint:
mobile:lint: /app/apps/mobile/src/app/chat/[id]/thread/[threadId].tsx
mobile:lint:    33:44   warning  Unexpected any. Specify a different type            @typescript-eslint/no-explicit-any
mobile:lint:    76:38   warning  Unexpected any. Specify a different type            @typescript-eslint/no-explicit-any
mobile:lint:    77:9    warning  'workspace' is assigned a value but never used      @typescript-eslint/no-unused-vars
mobile:lint:    77:42   warning  Unexpected any. Specify a different type            @typescript-eslint/no-explicit-any
mobile:lint:    79:55   warning  Unexpected any. Specify a different type            @typescript-eslint/no-explicit-any
mobile:lint:    80:9    warning  'parentMessage' is assigned a value but never used  @typescript-eslint/no-unused-vars
mobile:lint:    80:43   warning  Unexpected any. Specify a different type            @typescript-eslint/no-explicit-any
mobile:lint:    81:9    warning  'replies' is assigned a value but never used        @typescript-eslint/no-unused-vars
mobile:lint:    81:39   warning  Unexpected any. Specify a different type            @typescript-eslint/no-explicit-any
mobile:lint:    95:53   warning  Unexpected any. Specify a different type            @typescript-eslint/no-explicit-any
mobile:lint:   104:56   warning  Unexpected any. Specify a different type            @typescript-eslint/no-explicit-any
mobile:lint:   104:103  warning  Unexpected any. Specify a different type            @typescript-eslint/no-explicit-any
mobile:lint:   156:44   warning  Unexpected any. Specify a different type            @typescript-eslint/no-explicit-any
mobile:lint:   160:115  warning  Unexpected any. Specify a different type            @typescript-eslint/no-explicit-any
mobile:lint:
mobile:lint: /app/apps/mobile/src/app/index.tsx
mobile:lint:   6:55  warning  Unexpected any. Specify a different type  @typescript-eslint/no-explicit-any
mobile:lint:
mobile:lint: /app/apps/mobile/src/app/login.tsx
mobile:lint:   30:14  warning  'e' is defined but never used             @typescript-eslint/no-unused-vars
mobile:lint:   70:67  warning  Unexpected any. Specify a different type  @typescript-eslint/no-explicit-any
mobile:lint:
mobile:lint: /app/apps/mobile/src/app/signup.tsx
mobile:lint:   32:14  warning  'e' is defined but never used  @typescript-eslint/no-unused-vars
mobile:lint:
mobile:lint: /app/apps/mobile/src/lib/auth.ts
mobile:lint:    6:30  warning  Unexpected any. Specify a different type  @typescript-eslint/no-explicit-any
mobile:lint:   16:23  warning  Unexpected any. Specify a different type  @typescript-eslint/no-explicit-any
mobile:lint:   16:43  warning  Unexpected any. Specify a different type  @typescript-eslint/no-explicit-any
mobile:lint:   18:35  warning  Unexpected any. Specify a different type  @typescript-eslint/no-explicit-any
mobile:lint:
mobile:lint: ✖ 47 problems (0 errors, 47 warnings)
mobile:lint:

 Tasks:    8 successful, 8 total
Cached:    0 cached, 8 total
  Time:    11.739s
