Lockfile is up to date, resolution step is skipped
Progress: resolved 1, reused 0, downloaded 0, added 0
Packages: +1256
++++++++++++++++++++++++++++++++++++++++++++++++++++++++++++++++++++++++++++++++
Progress: resolved 1256, reused 771, downloaded 0, added 0
Progress: resolved 1256, reused 1256, downloaded 0, added 230
Progress: resolved 1256, reused 1256, downloaded 0, added 531
Progress: resolved 1256, reused 1256, downloaded 0, added 1256, done

dependencies:
+ @ai-sdk/google 3.0.53
+ @ai-sdk/react 3.0.142
+ @base-ui/react 1.3.0
+ @better-auth/oauth-provider 1.5.6
+ @emoji-mart/data 1.2.1
+ @emoji-mart/react 1.1.1
+ @emotion/is-prop-valid 1.4.0
+ @hookform/resolvers 3.10.0
+ @lexical/code 0.42.0
+ @lexical/hashtag 0.42.0
+ @lexical/history 0.42.0
+ @lexical/link 0.42.0
+ @lexical/list 0.42.0
+ @lexical/markdown 0.42.0
+ @lexical/react 0.42.0
+ @lexical/rich-text 0.42.0
+ @lexical/selection 0.42.0
+ @lexical/text 0.42.0
+ @lexical/utils 0.42.0
+ @prisma/client 6.5.0
+ @sanity/client 7.20.0
+ @tanstack/react-query 5.95.2
+ @vercel/analytics 2.0.1
+ ably 2.21.0
+ agora-rtc-react 2.5.1
+ agora-rtc-sdk-ng 4.24.3
+ agora-token 2.0.5
+ ai 6.0.140
+ autoprefixer 10.4.27
+ axios 1.13.6
+ better-auth 1.5.6
+ class-variance-authority 0.7.1
+ clsx 2.1.1
+ cmdk 1.1.1
+ date-fns 4.1.0
+ dotenv 17.3.1
+ embla-carousel-react 8.5.1
+ emoji-mart 5.6.0
+ firebase 12.11.0
+ firebase-admin 13.7.0
+ framer-motion 12.38.0
+ input-otp 1.4.1
+ ioredis 5.10.1
+ keyv 5.5.4
+ lexical 0.42.0
+ lucide-react 1.7.0
+ nanoid 5.1.7
+ next 16.2.1
+ next-mdx-remote 6.0.0
+ next-themes 0.4.6
+ radix-ui 1.4.3
+ react 19.2.4
+ react-day-picker 9.14.0
+ react-dom 19.2.4
+ react-hook-form 7.72.0
+ react-is 19.2.4
+ react-markdown 10.1.0
+ react-resizable-panels 4.7.6
+ react-syntax-highlighter 16.1.1
+ react-textarea-autosize 8.5.9
+ recharts 3.8.0
+ remark-gfm 4.0.1
+ sonner 2.0.7
+ tailwind-merge 2.6.1
+ tailwindcss-animate 1.0.7
+ vaul 1.1.2
+ zod 4.3.6
+ zustand 5.0.12

devDependencies:
+ @eslint/eslintrc 3.3.5
+ @eslint/js 10.0.1
+ @playwright/test 1.58.2
+ @tailwindcss/postcss 4.2.2
+ @testing-library/jest-dom 6.9.1
+ @testing-library/react 16.3.2
+ @testing-library/user-event 14.6.1
+ @types/ioredis 4.28.10
+ @types/jest 30.0.0
+ @types/node 22.19.15
+ @types/react 19.2.14
+ @types/react-dom 19.2.3
+ @types/react-syntax-highlighter 15.5.13
+ eslint 10.1.0
+ eslint-config-next 16.2.1
+ globals 17.4.0
+ jest 30.3.0
+ jest-environment-jsdom 30.3.0
+ postcss 8.5.8
+ prisma 6.5.0
+ tailwindcss 4.2.2
+ ts-jest 29.4.6
+ ts-node 10.9.2
+ tw-animate-css 1.3.3
+ typescript 6.0.2
+ typescript-eslint 8.57.2


> dealio@0.1.0 postinstall /app
> prisma generate

Prisma schema loaded from prisma/schema.prisma

✔ Generated Prisma Client (v6.5.0) to ./node_modules/.pnpm/@prisma+client@6.5.0_prisma@6.5.0_typescript@6.0.2__typescript@6.0.2/node_modules/@prisma/client in 1.39s

Start by importing your Prisma Client (See: https://pris.ly/d/importing-client)

Tip: Need your database queries to be 1000x faster? Accelerate offers you that and more: https://pris.ly/tip-2-accelerate

╭ Warning ─────────────────────────────────────────────────────────────────────╮
│                                                                              │
│   Ignored build scripts: @firebase/util@1.15.0, @prisma/client@6.5.0,        │
│   @prisma/engines@6.5.0, esbuild@0.27.4, prisma@6.5.0, protobufjs@7.5.4,     │
│   sharp@0.34.5, unrs-resolver@1.11.1.                                        │
│   Run "pnpm approve-builds" to pick which dependencies should be allowed     │
│   to run scripts.                                                            │
│                                                                              │
╰──────────────────────────────────────────────────────────────────────────────╯
Done in 11.6s using pnpm v10.30.3
